build/app/outputs/mapping/release/mapping.txt
# compiler: R8
# compiler_version: 1.5.64
# min_api: 16
# pg_map_id: 047e005
...
io.flutter.embedding.engine.systemchannels.PlatformViewsChannel$PlatformViewsHandler -> io.flutter.embedding.engine.i.h$e:
    long createVirtualDisplayForPlatformView(io.flutter.embedding.engine.systemchannels.PlatformViewsChannel$PlatformViewCreationRequest) -> a
    void disposeAndroidViewForPlatformView(int) -> a
    void onTouch(io.flutter.embedding.engine.systemchannels.PlatformViewsChannel$PlatformViewTouch) -> a
    void resizePlatformView(io.flutter.embedding.engine.systemchannels.PlatformViewsChannel$PlatformViewResizeRequest,java.lang.Runnable) -> a
    void setDirection(int,int) -> a
    void clearFocus(int) -> b
    void createAndroidViewForPlatformView(io.flutter.embedding.engine.systemchannels.PlatformViewsChannel$PlatformViewCreationRequest) -> b
    void disposeVirtualDisplayForPlatformView(int) -> c
io.flutter.embedding.engine.systemchannels.RestorationChannel -> io.flutter.embedding.engine.i.i:
    byte[] restorationData -> b
    io.flutter.plugin.common.MethodChannel$MethodCallHandler handler -> g
    boolean engineHasProvidedData -> e
    boolean frameworkHasRequestedData -> f
    boolean waitForRestorationData -> a
    io.flutter.plugin.common.MethodChannel channel -> c
    io.flutter.plugin.common.MethodChannel$Result pendingFrameworkRestorationChannelRequest -> d
    byte[] access$000(io.flutter.embedding.engine.systemchannels.RestorationChannel) -> a
    byte[] access$002(io.flutter.embedding.engine.systemchannels.RestorationChannel,byte[]) -> a
    boolean access$102(io.flutter.embedding.engine.systemchannels.RestorationChannel,boolean) -> a
    io.flutter.plugin.common.MethodChannel$Result access$302(io.flutter.embedding.engine.systemchannels.RestorationChannel,io.flutter.plugin.common.MethodChannel$Result) -> a
    void clearData() -> a
    void setRestorationData(byte[]) -> a
    boolean access$200(io.flutter.embedding.engine.systemchannels.RestorationChannel) -> b
    byte[] getRestorationData() -> b
io.flutter.embedding.engine.systemchannels.RestorationChannel$1 -> io.flutter.embedding.engine.i.i$a:
    byte[] val$data -> a
    io.flutter.embedding.engine.systemchannels.RestorationChannel this$0 -> b
    void error(java.lang.String,java.lang.String,java.lang.Object) -> a
    void notImplemented() -> a
    void success(java.lang.Object) -> a
io.flutter.embedding.engine.systemchannels.RestorationChannel$2 -> io.flutter.embedding.engine.i.i$b:
    io.flutter.embedding.engine.systemchannels.RestorationChannel this$0 -> a
    void onMethodCall(io.flutter.plugin.common.MethodCall,io.flutter.plugin.common.MethodChannel$Result) -> a
io.flutter.embedding.engine.systemchannels.SettingsChannel -> io.flutter.embedding.engine.i.j:
    io.flutter.plugin.common.BasicMessageChannel channel -> a
    io.flutter.embedding.engine.systemchannels.SettingsChannel$MessageBuilder startMessage() -> a
io.flutter.embedding.engine.systemchannels.SettingsChannel$MessageBuilder -> io.flutter.embedding.engine.i.j$a:
    java.util.Map message -> b
    io.flutter.plugin.common.BasicMessageChannel channel -> a
    void send() -> a
    io.flutter.embedding.engine.systemchannels.SettingsChannel$MessageBuilder setPlatformBrightness(io.flutter.embedding.engine.systemchannels.SettingsChannel$PlatformBrightness) -> a
    io.flutter.embedding.engine.systemchannels.SettingsChannel$MessageBuilder setTextScaleFactor(float) -> a
    io.flutter.embedding.engine.systemchannels.SettingsChannel$MessageBuilder setUse24HourFormat(boolean) -> a
io.flutter.embedding.engine.systemchannels.SettingsChannel$PlatformBrightness -> io.flutter.embedding.engine.i.j$b:
    io.flutter.embedding.engine.systemchannels.SettingsChannel$PlatformBrightness light -> c
    io.flutter.embedding.engine.systemchannels.SettingsChannel$PlatformBrightness dark -> d
    io.flutter.embedding.engine.systemchannels.SettingsChannel$PlatformBrightness[] $VALUES -> e
    java.lang.String name -> b